<?xml version="1.0" encoding="UTF-8"?>
<!-- Generated by org.testng.reporters.JUnitXMLReporter -->
<testsuite ignored="0" hostname="DESKTOP-8HQV0EC" failures="1" tests="1" name="LoginLogoutTest" time="15.307" errors="0" timestamp="2021-01-31T23:30:29 IST">
  <testcase classname="HomePage_Tests.LoginTest" name="testCase_01" time="15.017">
    <failure type="java.lang.NullPointerException" message="Cannot invoke &amp;quot;HomePage_PageObject.LoginPage.login(String, String)&amp;quot; because &amp;quot;this.objLoginPage&amp;quot; is null">
      <![CDATA[java.lang.NullPointerException: Cannot invoke "HomePage_PageObject.LoginPage.login(String, String)" because "this.objLoginPage" is null
at HomePage_Tests.LoginTest.testCase_01(LoginTest.java:64)
at java.base/java.util.ArrayList.forEach(ArrayList.java:1511)
... Removed 27 stack frames]]>
    </failure>
  </testcase> <!-- testCase_01 -->
</testsuite> <!-- LoginLogoutTest -->
