<?xml version="1.0" encoding="UTF-8"?>
<!-- Generated by org.testng.reporters.JUnitXMLReporter -->
<testsuite ignored="16" hostname="DESKTOP-8HQV0EC" failures="1" tests="1" name="Test" time="52.755" errors="0" timestamp="2021-02-09T16:24:01 IST">
  <testcase classname="EventPage_Tests.EventsTestCases" name="TestCase501_Organizer_OnlE_ODay_Sponsor_Presenter_Ticket_Refund" time="47.979">
    <failure type="java.lang.IllegalArgumentException" message="Illegal base64 character 40">
      <![CDATA[java.lang.IllegalArgumentException: Illegal base64 character 40
at java.base/java.util.Base64$Decoder.decode0(Base64.java:791)
at java.base/java.util.Base64$Decoder.decode(Base64.java:567)
at java.base/java.util.Base64$Decoder.decode(Base64.java:590)
at EventPage_Tests.EventsMethods.LoginEvents(EventsMethods.java:70)
at EventPage_Tests.EventsTestCases.TestCase501_Organizer_OnlE_ODay_Sponsor_Presenter_Ticket_Refund(EventsTestCases.java:35)
at java.base/java.util.ArrayList.forEach(ArrayList.java:1511)
... Removed 27 stack frames]]>
    </failure>
  </testcase> <!-- TestCase501_Organizer_OnlE_ODay_Sponsor_Presenter_Ticket_Refund -->
  <testcase classname="SurveyPage_Tests.SurveyTestCase" name="TestCase105_SurveyRewardSingleWinner" time="0.0">
    <ignored/>
  </testcase> <!-- TestCase105_SurveyRewardSingleWinner -->
  <testcase classname="SurveyPage_Tests.SurveyTestCase" name="TestCase102_SurveyAnonymous_CheckBox_SaveDraft" time="0.0">
    <ignored/>
  </testcase> <!-- TestCase102_SurveyAnonymous_CheckBox_SaveDraft -->
  <testcase classname="SurveyPage_Tests.SurveyTestCase" name="TestCase101_SurveyAnonymous_CheckBox_QSavePublish" time="0.0">
    <ignored/>
  </testcase> <!-- TestCase101_SurveyAnonymous_CheckBox_QSavePublish -->
  <testcase classname="TriviaPage_Tests.TriviaTestCases" name="TestCase_202_Trivia_Dropdown_QuestionType_SingleWinnerReward_Publish" time="0.0">
    <ignored/>
  </testcase> <!-- TestCase_202_Trivia_Dropdown_QuestionType_SingleWinnerReward_Publish -->
  <testcase classname="SurveyPage_Tests.SurveyTestCase" name="TestCase104_Survey_Anonymous_Checkbox_Date_QSavePublish" time="0.0">
    <ignored/>
  </testcase> <!-- TestCase104_Survey_Anonymous_Checkbox_Date_QSavePublish -->
  <testcase classname="SurveyPage_Tests.SurveyTestCase" name="TestCase103_SuveryAnonymous_Date_QSaveDraft" time="0.0">
    <ignored/>
  </testcase> <!-- TestCase103_SuveryAnonymous_Date_QSaveDraft -->
  <testcase classname="TriviaPage_Tests.TriviaTestCases" name="TestCase_205_Trivia_Radiobutton_QuestionType_SingleWinnerReward_Publish" time="0.0">
    <ignored/>
  </testcase> <!-- TestCase_205_Trivia_Radiobutton_QuestionType_SingleWinnerReward_Publish -->
  <testcase classname="TriviaPage_Tests.TriviaTestCases" name="TestCase_207_Trivia_CheckBoxQuestion_QuestionPage_SaveAndPublish" time="0.0">
    <ignored/>
  </testcase> <!-- TestCase_207_Trivia_CheckBoxQuestion_QuestionPage_SaveAndPublish -->
  <testcase classname="TriviaPage_Tests.TriviaTestCases" name="TestCase_210_Trivia_CheckBoxQuestion_Rewards_SaveAndPublish" time="0.0">
    <ignored/>
  </testcase> <!-- TestCase_210_Trivia_CheckBoxQuestion_Rewards_SaveAndPublish -->
  <testcase classname="TriviaPage_Tests.TriviaTestCases" name="TestCase_206_Trivia_CheckBoxQuestionPage_SaveAsDraft" time="0.0">
    <ignored/>
  </testcase> <!-- TestCase_206_Trivia_CheckBoxQuestionPage_SaveAsDraft -->
  <testcase classname="TriviaPage_Tests.TriviaTestCases" name="TestCase_211_Trivia_CheckBoxQuestion_Rewards_SkipAndPublish" time="0.0">
    <ignored/>
  </testcase> <!-- TestCase_211_Trivia_CheckBoxQuestion_Rewards_SkipAndPublish -->
  <testcase classname="SurveyPage_Tests.SurveyTestCase" name="TestCase106_SurveyRewardMultiWinner" time="0.0">
    <ignored/>
  </testcase> <!-- TestCase106_SurveyRewardMultiWinner -->
  <testcase classname="TriviaPage_Tests.TriviaTestCases" name="TestCase_204_Trivia_MultipleSelectDropdown_QuestionType_SingleWinnerReward_Publish" time="0.0">
    <ignored/>
  </testcase> <!-- TestCase_204_Trivia_MultipleSelectDropdown_QuestionType_SingleWinnerReward_Publish -->
  <testcase classname="TriviaPage_Tests.TriviaTestCases" name="TestCase_209_Trivia_CheckBoxQuestion_PreviewAndCustomize_SkipAndPublish" time="0.0">
    <ignored/>
  </testcase> <!-- TestCase_209_Trivia_CheckBoxQuestion_PreviewAndCustomize_SkipAndPublish -->
  <testcase classname="TriviaPage_Tests.TriviaTestCases" name="TestCase_201_Trivia_CheckBox_QuestionType_SingleWinnerReward_Publish" time="0.0">
    <ignored/>
  </testcase> <!-- TestCase_201_Trivia_CheckBox_QuestionType_SingleWinnerReward_Publish -->
  <testcase classname="HomePage_Tests.LoginTest" name="testCase_01" time="0.0">
    <ignored/>
  </testcase> <!-- testCase_01 -->
</testsuite> <!-- Test -->
